<?xml version="1.0" encoding="UTF-8"?>
<!-- Generated by org.testng.reporters.JUnitXMLReporter -->
<testsuite hostname="RPIPL2-DT-DV018" name="Test on IE" tests="1" failures="0" timestamp="21 Jul 2014 09:40:01 GMT" time="0.002" errors="0">
  <testcase name="@BeforeClass Intilaize_Properties" time="0.0" classname="testscripts.Driverscript">
    <failure type="org.testng.TestNGException" message="
Parameter &amp;apos;BROWSER&amp;apos; is required by @Configuration on method Intilaize_Properties but has not been marked @Optional or defined
in D:\AutomationWorkspace\HybridFramework\testng.xml">
      <![CDATA[org.testng.TestNGException: 
Parameter 'BROWSER' is required by @Configuration on method Intilaize_Properties but has not been marked @Optional or defined
in D:\AutomationWorkspace\HybridFramework\testng.xml
... Removed 21 stack frames]]>
    </failure>
  </testcase> <!-- @BeforeClass Intilaize_Properties -->
  <testcase name="AppTest" time="0.0" classname="testscripts.Driverscript">
    <skipped/>
  </testcase> <!-- AppTest -->
</testsuite> <!-- Test on IE -->
