<?xml version="1.0" encoding="UTF-8"?>
<!-- Generated by org.testng.reporters.JUnitXMLReporter -->
<testsuite hostname="RPIPL2-DT-DV018" name="Test on IE browser" tests="1" failures="1" timestamp="21 Jul 2014 12:07:03 GMT" time="0.241" errors="0">
  <testcase name="AppTest" time="0.005" classname="testscripts.Driverscript">
    <failure type="java.lang.NullPointerException">
      <![CDATA[java.lang.NullPointerException
	at reports.ReportUtil.addTestCase(ReportUtil.java:286)
	at testscripts.Driverscript.AppTest(Driverscript.java:145)
	at java.util.concurrent.FutureTask.run(Unknown Source)
	at java.util.concurrent.ThreadPoolExecutor.runWorker(Unknown Source)
	at java.util.concurrent.ThreadPoolExecutor$Worker.run(Unknown Source)
	at java.lang.Thread.run(Unknown Source)
... Removed 16 stack frames]]>
    </failure>
  </testcase> <!-- AppTest -->
</testsuite> <!-- Test on IE browser -->
